<?xml version="1.0" encoding="UTF-8"?>
<testsuite xmlns:xsi="http://www.w3.org/2001/XMLSchema-instance" xsi:noNamespaceSchemaLocation="https://maven.apache.org/surefire/maven-surefire-plugin/xsd/surefire-test-report-3.0.xsd" version="3.0" name="TestSuite" time="4.702" tests="4" errors="0" skipped="0" failures="0">
  <properties>
    <property name="java.specification.version" value="18"/>
    <property name="sun.jnu.encoding" value="UTF-8"/>
    <property name="java.class.path" value="/Users/fatoni/Learn/Majoo/target/test-classes:/Users/fatoni/Learn/Majoo/target/classes:/Users/fatoni/.m2/repository/io/rest-assured/rest-assured/5.0.1/rest-assured-5.0.1.jar:/Users/fatoni/.m2/repository/org/apache/groovy/groovy/4.0.1/groovy-4.0.1.jar:/Users/fatoni/.m2/repository/org/apache/groovy/groovy-xml/4.0.1/groovy-xml-4.0.1.jar:/Users/fatoni/.m2/repository/org/apache/httpcomponents/httpclient/4.5.13/httpclient-4.5.13.jar:/Users/fatoni/.m2/repository/org/apache/httpcomponents/httpcore/4.4.13/httpcore-4.4.13.jar:/Users/fatoni/.m2/repository/commons-logging/commons-logging/1.2/commons-logging-1.2.jar:/Users/fatoni/.m2/repository/commons-codec/commons-codec/1.11/commons-codec-1.11.jar:/Users/fatoni/.m2/repository/org/apache/httpcomponents/httpmime/4.5.13/httpmime-4.5.13.jar:/Users/fatoni/.m2/repository/org/hamcrest/hamcrest/2.1/hamcrest-2.1.jar:/Users/fatoni/.m2/repository/org/ccil/cowan/tagsoup/tagsoup/1.2.1/tagsoup-1.2.1.jar:/Users/fatoni/.m2/repository/io/rest-assured/xml-path/5.0.1/xml-path-5.0.1.jar:/Users/fatoni/.m2/repository/org/apache/commons/commons-lang3/3.11/commons-lang3-3.11.jar:/Users/fatoni/.m2/repository/org/testng/testng/7.5/testng-7.5.jar:/Users/fatoni/.m2/repository/com/google/code/findbugs/jsr305/3.0.1/jsr305-3.0.1.jar:/Users/fatoni/.m2/repository/org/slf4j/slf4j-api/1.7.32/slf4j-api-1.7.32.jar:/Users/fatoni/.m2/repository/com/beust/jcommander/1.78/jcommander-1.78.jar:/Users/fatoni/.m2/repository/org/webjars/jquery/3.5.1/jquery-3.5.1.jar:/Users/fatoni/.m2/repository/org/json/json/20220320/json-20220320.jar:/Users/fatoni/.m2/repository/io/rest-assured/json-path/5.0.1/json-path-5.0.1.jar:/Users/fatoni/.m2/repository/org/apache/groovy/groovy-json/4.0.1/groovy-json-4.0.1.jar:/Users/fatoni/.m2/repository/io/rest-assured/rest-assured-common/5.0.1/rest-assured-common-5.0.1.jar:/Users/fatoni/.m2/repository/io/rest-assured/json-schema-validator/5.0.1/json-schema-validator-5.0.1.jar:/Users/fatoni/.m2/repository/com/github/java-json-tools/json-schema-validator/2.2.14/json-schema-validator-2.2.14.jar:/Users/fatoni/.m2/repository/com/google/guava/guava/28.2-android/guava-28.2-android.jar:/Users/fatoni/.m2/repository/com/google/guava/failureaccess/1.0.1/failureaccess-1.0.1.jar:/Users/fatoni/.m2/repository/com/google/guava/listenablefuture/9999.0-empty-to-avoid-conflict-with-guava/listenablefuture-9999.0-empty-to-avoid-conflict-with-guava.jar:/Users/fatoni/.m2/repository/org/checkerframework/checker-compat-qual/2.5.5/checker-compat-qual-2.5.5.jar:/Users/fatoni/.m2/repository/com/google/errorprone/error_prone_annotations/2.3.4/error_prone_annotations-2.3.4.jar:/Users/fatoni/.m2/repository/com/google/j2objc/j2objc-annotations/1.3/j2objc-annotations-1.3.jar:/Users/fatoni/.m2/repository/com/github/java-json-tools/jackson-coreutils-equivalence/1.0/jackson-coreutils-equivalence-1.0.jar:/Users/fatoni/.m2/repository/com/fasterxml/jackson/core/jackson-databind/2.11.0/jackson-databind-2.11.0.jar:/Users/fatoni/.m2/repository/com/fasterxml/jackson/core/jackson-annotations/2.11.0/jackson-annotations-2.11.0.jar:/Users/fatoni/.m2/repository/com/fasterxml/jackson/core/jackson-core/2.11.0/jackson-core-2.11.0.jar:/Users/fatoni/.m2/repository/com/github/java-json-tools/jackson-coreutils/2.0/jackson-coreutils-2.0.jar:/Users/fatoni/.m2/repository/com/github/java-json-tools/msg-simple/1.2/msg-simple-1.2.jar:/Users/fatoni/.m2/repository/com/github/java-json-tools/btf/1.3/btf-1.3.jar:/Users/fatoni/.m2/repository/com/github/java-json-tools/json-schema-core/1.2.14/json-schema-core-1.2.14.jar:/Users/fatoni/.m2/repository/com/github/java-json-tools/uri-template/0.10/uri-template-0.10.jar:/Users/fatoni/.m2/repository/org/mozilla/rhino/1.7.7.2/rhino-1.7.7.2.jar:/Users/fatoni/.m2/repository/com/sun/mail/mailapi/1.6.2/mailapi-1.6.2.jar:/Users/fatoni/.m2/repository/joda-time/joda-time/2.10.5/joda-time-2.10.5.jar:/Users/fatoni/.m2/repository/com/googlecode/libphonenumber/libphonenumber/8.11.1/libphonenumber-8.11.1.jar:/Users/fatoni/.m2/repository/net/sf/jopt-simple/jopt-simple/5.0.4/jopt-simple-5.0.4.jar:"/>
    <property name="java.vm.vendor" value="Homebrew"/>
    <property name="sun.arch.data.model" value="64"/>
    <property name="java.vendor.url" value="https://github.com/Homebrew/homebrew-core/issues"/>
    <property name="user.timezone" value="Asia/Jakarta"/>
    <property name="os.name" value="Mac OS X"/>
    <property name="java.vm.specification.version" value="18"/>
    <property name="sun.java.launcher" value="SUN_STANDARD"/>
    <property name="user.country" value="ID"/>
    <property name="sun.boot.library.path" value="/usr/local/Cellar/openjdk/18/libexec/openjdk.jdk/Contents/Home/lib"/>
    <property name="sun.java.command" value="/Users/fatoni/Learn/Majoo/target/surefire/surefirebooter957650324755948631.jar /Users/fatoni/Learn/Majoo/target/surefire 2022-05-16T19-35-26_950-jvmRun1 surefire7831379586130355617tmp surefire_011393288206150648845tmp"/>
    <property name="http.nonProxyHosts" value="local|*.local|169.254/16|*.169.254/16"/>
    <property name="jdk.debug" value="release"/>
    <property name="surefire.test.class.path" value="/Users/fatoni/Learn/Majoo/target/test-classes:/Users/fatoni/Learn/Majoo/target/classes:/Users/fatoni/.m2/repository/io/rest-assured/rest-assured/5.0.1/rest-assured-5.0.1.jar:/Users/fatoni/.m2/repository/org/apache/groovy/groovy/4.0.1/groovy-4.0.1.jar:/Users/fatoni/.m2/repository/org/apache/groovy/groovy-xml/4.0.1/groovy-xml-4.0.1.jar:/Users/fatoni/.m2/repository/org/apache/httpcomponents/httpclient/4.5.13/httpclient-4.5.13.jar:/Users/fatoni/.m2/repository/org/apache/httpcomponents/httpcore/4.4.13/httpcore-4.4.13.jar:/Users/fatoni/.m2/repository/commons-logging/commons-logging/1.2/commons-logging-1.2.jar:/Users/fatoni/.m2/repository/commons-codec/commons-codec/1.11/commons-codec-1.11.jar:/Users/fatoni/.m2/repository/org/apache/httpcomponents/httpmime/4.5.13/httpmime-4.5.13.jar:/Users/fatoni/.m2/repository/org/hamcrest/hamcrest/2.1/hamcrest-2.1.jar:/Users/fatoni/.m2/repository/org/ccil/cowan/tagsoup/tagsoup/1.2.1/tagsoup-1.2.1.jar:/Users/fatoni/.m2/repository/io/rest-assured/xml-path/5.0.1/xml-path-5.0.1.jar:/Users/fatoni/.m2/repository/org/apache/commons/commons-lang3/3.11/commons-lang3-3.11.jar:/Users/fatoni/.m2/repository/org/testng/testng/7.5/testng-7.5.jar:/Users/fatoni/.m2/repository/com/google/code/findbugs/jsr305/3.0.1/jsr305-3.0.1.jar:/Users/fatoni/.m2/repository/org/slf4j/slf4j-api/1.7.32/slf4j-api-1.7.32.jar:/Users/fatoni/.m2/repository/com/beust/jcommander/1.78/jcommander-1.78.jar:/Users/fatoni/.m2/repository/org/webjars/jquery/3.5.1/jquery-3.5.1.jar:/Users/fatoni/.m2/repository/org/json/json/20220320/json-20220320.jar:/Users/fatoni/.m2/repository/io/rest-assured/json-path/5.0.1/json-path-5.0.1.jar:/Users/fatoni/.m2/repository/org/apache/groovy/groovy-json/4.0.1/groovy-json-4.0.1.jar:/Users/fatoni/.m2/repository/io/rest-assured/rest-assured-common/5.0.1/rest-assured-common-5.0.1.jar:/Users/fatoni/.m2/repository/io/rest-assured/json-schema-validator/5.0.1/json-schema-validator-5.0.1.jar:/Users/fatoni/.m2/repository/com/github/java-json-tools/json-schema-validator/2.2.14/json-schema-validator-2.2.14.jar:/Users/fatoni/.m2/repository/com/google/guava/guava/28.2-android/guava-28.2-android.jar:/Users/fatoni/.m2/repository/com/google/guava/failureaccess/1.0.1/failureaccess-1.0.1.jar:/Users/fatoni/.m2/repository/com/google/guava/listenablefuture/9999.0-empty-to-avoid-conflict-with-guava/listenablefuture-9999.0-empty-to-avoid-conflict-with-guava.jar:/Users/fatoni/.m2/repository/org/checkerframework/checker-compat-qual/2.5.5/checker-compat-qual-2.5.5.jar:/Users/fatoni/.m2/repository/com/google/errorprone/error_prone_annotations/2.3.4/error_prone_annotations-2.3.4.jar:/Users/fatoni/.m2/repository/com/google/j2objc/j2objc-annotations/1.3/j2objc-annotations-1.3.jar:/Users/fatoni/.m2/repository/com/github/java-json-tools/jackson-coreutils-equivalence/1.0/jackson-coreutils-equivalence-1.0.jar:/Users/fatoni/.m2/repository/com/fasterxml/jackson/core/jackson-databind/2.11.0/jackson-databind-2.11.0.jar:/Users/fatoni/.m2/repository/com/fasterxml/jackson/core/jackson-annotations/2.11.0/jackson-annotations-2.11.0.jar:/Users/fatoni/.m2/repository/com/fasterxml/jackson/core/jackson-core/2.11.0/jackson-core-2.11.0.jar:/Users/fatoni/.m2/repository/com/github/java-json-tools/jackson-coreutils/2.0/jackson-coreutils-2.0.jar:/Users/fatoni/.m2/repository/com/github/java-json-tools/msg-simple/1.2/msg-simple-1.2.jar:/Users/fatoni/.m2/repository/com/github/java-json-tools/btf/1.3/btf-1.3.jar:/Users/fatoni/.m2/repository/com/github/java-json-tools/json-schema-core/1.2.14/json-schema-core-1.2.14.jar:/Users/fatoni/.m2/repository/com/github/java-json-tools/uri-template/0.10/uri-template-0.10.jar:/Users/fatoni/.m2/repository/org/mozilla/rhino/1.7.7.2/rhino-1.7.7.2.jar:/Users/fatoni/.m2/repository/com/sun/mail/mailapi/1.6.2/mailapi-1.6.2.jar:/Users/fatoni/.m2/repository/joda-time/joda-time/2.10.5/joda-time-2.10.5.jar:/Users/fatoni/.m2/repository/com/googlecode/libphonenumber/libphonenumber/8.11.1/libphonenumber-8.11.1.jar:/Users/fatoni/.m2/repository/net/sf/jopt-simple/jopt-simple/5.0.4/jopt-simple-5.0.4.jar:"/>
    <property name="sun.cpu.endian" value="little"/>
    <property name="user.home" value="/Users/fatoni"/>
    <property name="user.language" value="en"/>
    <property name="java.specification.vendor" value="Oracle Corporation"/>
    <property name="java.version.date" value="2022-03-22"/>
    <property name="java.home" value="/usr/local/Cellar/openjdk/18/libexec/openjdk.jdk/Contents/Home"/>
    <property name="file.separator" value="/"/>
    <property name="basedir" value="/Users/fatoni/Learn/Majoo"/>
    <property name="java.vm.compressedOopsMode" value="Zero based"/>
    <property name="line.separator" value="&#10;"/>
    <property name="java.vm.specification.vendor" value="Oracle Corporation"/>
    <property name="java.specification.name" value="Java Platform API Specification"/>
    <property name="apple.awt.application.name" value="ForkedBooter"/>
    <property name="surefire.real.class.path" value="/Users/fatoni/Learn/Majoo/target/surefire/surefirebooter957650324755948631.jar"/>
    <property name="sun.management.compiler" value="HotSpot 64-Bit Tiered Compilers"/>
    <property name="ftp.nonProxyHosts" value="local|*.local|169.254/16|*.169.254/16"/>
    <property name="java.runtime.version" value="18+0"/>
    <property name="user.name" value="fatoni"/>
    <property name="path.separator" value=":"/>
    <property name="os.version" value="11.6.5"/>
    <property name="java.runtime.name" value="OpenJDK Runtime Environment"/>
    <property name="file.encoding" value="UTF-8"/>
    <property name="java.vm.name" value="OpenJDK 64-Bit Server VM"/>
    <property name="java.vendor.version" value="Homebrew"/>
    <property name="localRepository" value="/Users/fatoni/.m2/repository"/>
    <property name="java.vendor.url.bug" value="https://github.com/Homebrew/homebrew-core/issues"/>
    <property name="java.io.tmpdir" value="/var/folders/dw/7gy3qb717gggghmjsk7fklbc0000gn/T/"/>
    <property name="java.version" value="18"/>
    <property name="user.dir" value="/Users/fatoni/Learn/Majoo"/>
    <property name="os.arch" value="x86_64"/>
    <property name="java.vm.specification.name" value="Java Virtual Machine Specification"/>
    <property name="native.encoding" value="UTF-8"/>
    <property name="java.library.path" value="/Users/fatoni/Library/Java/Extensions:/Library/Java/Extensions:/Network/Library/Java/Extensions:/System/Library/Java/Extensions:/usr/lib/java:."/>
    <property name="java.vm.info" value="mixed mode, sharing"/>
    <property name="java.vendor" value="Homebrew"/>
    <property name="java.vm.version" value="18+0"/>
    <property name="sun.io.unicode.encoding" value="UnicodeBig"/>
    <property name="socksNonProxyHosts" value="local|*.local|169.254/16|*.169.254/16"/>
    <property name="java.class.version" value="62.0"/>
  </properties>
  <testcase name="SuccessGetListUsers" classname="users.ListUserTest" time="2.237">
    <system-err><![CDATA[SLF4J: Failed to load class "org.slf4j.impl.StaticLoggerBinder".
SLF4J: Defaulting to no-operation (NOP) logger implementation
SLF4J: See http://www.slf4j.org/codes.html#StaticLoggerBinder for further details.
]]></system-err>
  </testcase>
  <testcase name="SuccessGetSingleUser" classname="users.SingleUserTest" time="0.255"/>
  <testcase name="SuccessCreateUser" classname="users.CreateUserTest" time="0.651"/>
  <testcase name="SuccessUpdateUser" classname="users.UpdateUserTest" time="0.571"/>
</testsuite>