<?xml version="1.0" encoding="UTF-8"?>
<!-- Generated by org.testng.reporters.JUnitReportReporter -->
<testsuite hostname="192.168.1.3" failures="0" tests="1" name="users.CreateUserTest" time="0.652" errors="0" timestamp="2022-05-16T19:35:32 WIB" skipped="0">
  <testcase classname="users.CreateUserTest" name="SuccessCreateUser" time="0.652"/>
  <system-out/>
</testsuite> <!-- users.CreateUserTest -->
