<?xml version="1.0" encoding="UTF-8"?>
<!-- Generated by org.testng.reporters.JUnitReportReporter -->
<testsuite hostname="192.168.1.45" failures="0" tests="1" name="FirstTest" time="0.352" errors="0" timestamp="2022-05-16T14:41:12 WIB" skipped="0">
  <testcase classname="FirstTest" name="testing" time="0.352"/>
  <system-out/>
</testsuite> <!-- FirstTest -->
