<?xml version="1.0" encoding="UTF-8"?>
<!-- Generated by org.testng.reporters.JUnitReportReporter -->
<testsuite hostname="192.168.1.45" failures="0" tests="4" name="CreateUserTest" time="5.323" errors="0" timestamp="2022-05-16T14:41:12 WIB" skipped="0">
  <testcase classname="CreateUserTest" name="SuccessCreateUser" time="4.444"/>
  <system-out/>
  <testcase classname="CreateUserTest" name="TestingDataProvider" time="0.001"/>
  <system-out/>
  <testcase classname="CreateUserTest" name="TestingDataProvider" time="0.001"/>
  <system-out/>
  <testcase classname="CreateUserTest" name="SuccessCreateUser" time="0.877"/>
  <system-out/>
</testsuite> <!-- CreateUserTest -->
